2018/03/06 14:38:28 [emerg] 24396#0: bind() to 0.0.0.0:80 failed (13: Permission denied)
2018/03/06 14:39:38 [notice] 28085#0: signal process started
2018/03/06 18:05:18 [debug] 3988#0: bind() 0.0.0.0:8099 #7 
2018/03/06 18:05:18 [notice] 3988#0: using the "epoll" event method
2018/03/06 18:05:18 [debug] 3988#0: counter: 00007F330A80E080, 1
2018/03/06 18:05:18 [notice] 3988#0: nginx/1.13.9
2018/03/06 18:05:18 [notice] 3988#0: built by gcc 4.8.2 20140120 (Red Hat 4.8.2-15) (GCC) 
2018/03/06 18:05:18 [notice] 3988#0: OS: Linux 2.6.32-431.el6.x86_64
2018/03/06 18:05:18 [notice] 3988#0: getrlimit(RLIMIT_NOFILE): 1000000:1000000
2018/03/06 18:05:18 [debug] 3989#0: write: 8, 00007FFF37541750, 5, 0
2018/03/06 18:05:18 [debug] 3989#0: setproctitle: "nginx: master process ./objs/nginx"
2018/03/06 18:05:18 [notice] 3989#0: start worker processes
2018/03/06 18:05:18 [debug] 3989#0: channel 3:8
2018/03/06 18:05:18 [notice] 3989#0: start worker process 3991
2018/03/06 18:05:18 [debug] 3989#0: sigsuspend
2018/03/06 18:05:18 [debug] 3991#0: add cleanup: 0000000000E73E50
2018/03/06 18:05:18 [debug] 3991#0: malloc: 0000000000E4E180:8
2018/03/06 18:05:18 [debug] 3991#0: notify eventfd: 10
2018/03/06 18:05:18 [debug] 3991#0: testing the EPOLLRDHUP flag: success
2018/03/06 18:05:18 [debug] 3991#0: malloc: 0000000000E5DE50:6144
2018/03/06 18:05:18 [debug] 3991#0: malloc: 00007F330A7BE010:229376
2018/03/06 18:05:18 [debug] 3991#0: malloc: 0000000000E779E0:98304
2018/03/06 18:05:18 [debug] 3991#0: malloc: 0000000000E8F9F0:98304
2018/03/06 18:05:18 [debug] 3991#0: epoll add event: fd:7 op:1 ev:00002001
2018/03/06 18:05:18 [debug] 3991#0: epoll add event: fd:8 op:1 ev:00002001
2018/03/06 18:05:18 [debug] 3991#0: setproctitle: "nginx: worker process"
2018/03/06 18:05:18 [debug] 3991#0: worker cycle
2018/03/06 18:05:18 [debug] 3991#0: epoll timer: -1
2018/03/06 18:06:00 [notice] 6961#0: signal process started
2018/03/06 18:06:00 [notice] 3989#0: signal 15 (SIGTERM) received from 6961, exiting
2018/03/06 18:06:00 [debug] 3989#0: wake up, sigio 0
2018/03/06 18:06:00 [debug] 3989#0: child: 0 3991 e:0 t:0 d:0 r:1 j:0
2018/03/06 18:06:00 [debug] 3989#0: termination cycle: 50
2018/03/06 18:06:00 [debug] 3989#0: sigsuspend
2018/03/06 18:06:00 [debug] 3991#0: epoll: fd:8 ev:0001 d:00007F330A7BE0F0
2018/03/06 18:06:00 [debug] 3991#0: channel handler
2018/03/06 18:06:00 [debug] 3991#0: channel: 32
2018/03/06 18:06:00 [debug] 3991#0: channel command: 4
2018/03/06 18:06:00 [debug] 3991#0: channel: -2
2018/03/06 18:06:00 [debug] 3991#0: timer delta: 41496
2018/03/06 18:06:00 [notice] 3991#0: exiting
2018/03/06 18:06:00 [debug] 3991#0: flush files
2018/03/06 18:06:00 [debug] 3991#0: run cleanup: 0000000000E73E50
2018/03/06 18:06:00 [debug] 3991#0: run cleanup: 0000000000E6EAF8
2018/03/06 18:06:00 [debug] 3991#0: cleanup resolver
2018/03/06 18:06:00 [debug] 3991#0: free: 0000000000E768D0
2018/03/06 18:06:00 [debug] 3991#0: free: 0000000000E70760
2018/03/06 18:06:00 [debug] 3991#0: free: 0000000000E6B740
2018/03/06 18:06:00 [debug] 3991#0: free: 0000000000E6A300
2018/03/06 18:06:00 [debug] 3991#0: free: 0000000000E642D0
2018/03/06 18:06:00 [debug] 3991#0: free: 0000000000E63210
2018/03/06 18:06:00 [debug] 3991#0: free: 0000000000E62150
2018/03/06 18:06:00 [debug] 3991#0: free: 0000000000E61090
2018/03/06 18:06:00 [debug] 3991#0: free: 0000000000E50E10, unused: 0
2018/03/06 18:06:00 [debug] 3991#0: free: 0000000000E59E40, unused: 0
2018/03/06 18:06:00 [debug] 3991#0: free: 0000000000E652E0, unused: 1
2018/03/06 18:06:00 [debug] 3991#0: free: 0000000000E6C750, unused: 0
2018/03/06 18:06:00 [debug] 3991#0: free: 0000000000E728C0, unused: 10840
2018/03/06 18:06:00 [notice] 3991#0: exit
2018/03/06 18:06:00 [notice] 3989#0: signal 17 (SIGCHLD) received from 3991
2018/03/06 18:06:00 [notice] 3989#0: worker process 3991 exited with code 0
2018/03/06 18:06:00 [debug] 3989#0: shmtx forced unlock
2018/03/06 18:06:00 [debug] 3989#0: wake up, sigio 3
2018/03/06 18:06:00 [debug] 3989#0: reap children
2018/03/06 18:06:00 [debug] 3989#0: child: 0 3991 e:1 t:1 d:0 r:1 j:0
2018/03/06 18:06:00 [notice] 3989#0: exit
2018/03/06 18:06:00 [debug] 3989#0: close listening 0.0.0.0:8099 #7 
2018/03/06 18:06:00 [debug] 3989#0: run cleanup: 0000000000E6EAF8
2018/03/06 18:06:00 [debug] 3989#0: cleanup resolver
2018/03/06 18:06:00 [debug] 3989#0: free: 0000000000E768D0
2018/03/06 18:06:00 [debug] 3989#0: free: 0000000000E70760
2018/03/06 18:06:00 [debug] 3989#0: free: 0000000000E6B740
2018/03/06 18:06:00 [debug] 3989#0: free: 0000000000E6A300
2018/03/06 18:06:00 [debug] 3989#0: free: 0000000000E642D0
2018/03/06 18:06:00 [debug] 3989#0: free: 0000000000E63210
2018/03/06 18:06:00 [debug] 3989#0: free: 0000000000E62150
2018/03/06 18:06:00 [debug] 3989#0: free: 0000000000E61090
2018/03/06 18:06:00 [debug] 3989#0: free: 0000000000E50E10, unused: 0
2018/03/06 18:06:00 [debug] 3989#0: free: 0000000000E59E40, unused: 0
2018/03/06 18:06:00 [debug] 3989#0: free: 0000000000E652E0, unused: 1
2018/03/06 18:06:00 [debug] 3989#0: free: 0000000000E6C750, unused: 0
2018/03/06 18:06:00 [debug] 3989#0: free: 0000000000E728C0, unused: 10864
2018/03/06 18:06:07 [debug] 7468#0: bind() 0.0.0.0:8099 #7 
2018/03/06 18:06:07 [notice] 7468#0: using the "epoll" event method
2018/03/06 18:06:07 [debug] 7468#0: counter: 00007FA82E785080, 1
2018/03/06 18:06:07 [notice] 7468#0: nginx/1.13.9
2018/03/06 18:06:07 [notice] 7468#0: built by gcc 4.8.2 20140120 (Red Hat 4.8.2-15) (GCC) 
2018/03/06 18:06:07 [notice] 7468#0: OS: Linux 2.6.32-431.el6.x86_64
2018/03/06 18:06:07 [notice] 7468#0: getrlimit(RLIMIT_NOFILE): 1000000:1000000
2018/03/06 18:06:07 [debug] 7469#0: write: 8, 00007FFF4EA70150, 5, 0
2018/03/06 18:06:07 [debug] 7469#0: setproctitle: "nginx: master process ./objs/nginx"
2018/03/06 18:06:07 [notice] 7469#0: start worker processes
2018/03/06 18:06:07 [debug] 7469#0: channel 3:8
2018/03/06 18:06:07 [notice] 7469#0: start worker process 7470
2018/03/06 18:06:07 [debug] 7469#0: sigsuspend
2018/03/06 18:06:07 [debug] 7470#0: add cleanup: 0000000000CEEE50
2018/03/06 18:06:07 [debug] 7470#0: malloc: 0000000000CC9180:8
2018/03/06 18:06:07 [debug] 7470#0: notify eventfd: 10
2018/03/06 18:06:07 [debug] 7470#0: testing the EPOLLRDHUP flag: success
2018/03/06 18:06:07 [debug] 7470#0: malloc: 0000000000CD8E50:6144
2018/03/06 18:06:07 [debug] 7470#0: malloc: 00007FA82E735010:229376
2018/03/06 18:06:07 [debug] 7470#0: malloc: 0000000000CF29E0:98304
2018/03/06 18:06:07 [debug] 7470#0: malloc: 0000000000D0A9F0:98304
2018/03/06 18:06:07 [debug] 7470#0: epoll add event: fd:7 op:1 ev:00002001
2018/03/06 18:06:07 [debug] 7470#0: epoll add event: fd:8 op:1 ev:00002001
2018/03/06 18:06:07 [debug] 7470#0: setproctitle: "nginx: worker process"
2018/03/06 18:06:07 [debug] 7470#0: worker cycle
2018/03/06 18:06:07 [debug] 7470#0: epoll timer: -1
2018/03/06 18:07:06 [notice] 11649#0: signal process started
2018/03/06 18:07:06 [notice] 7469#0: signal 15 (SIGTERM) received from 11649, exiting
2018/03/06 18:07:06 [debug] 7469#0: wake up, sigio 0
2018/03/06 18:07:06 [debug] 7469#0: child: 0 7470 e:0 t:0 d:0 r:1 j:0
2018/03/06 18:07:06 [debug] 7469#0: termination cycle: 50
2018/03/06 18:07:06 [debug] 7469#0: sigsuspend
2018/03/06 18:07:06 [debug] 7470#0: epoll: fd:8 ev:0001 d:00007FA82E7350F0
2018/03/06 18:07:06 [debug] 7470#0: channel handler
2018/03/06 18:07:06 [debug] 7470#0: channel: 32
2018/03/06 18:07:06 [debug] 7470#0: channel command: 4
2018/03/06 18:07:06 [debug] 7470#0: channel: -2
2018/03/06 18:07:06 [debug] 7470#0: timer delta: 58040
2018/03/06 18:07:06 [notice] 7470#0: exiting
2018/03/06 18:07:06 [debug] 7470#0: flush files
2018/03/06 18:07:06 [debug] 7470#0: run cleanup: 0000000000CEEE50
2018/03/06 18:07:06 [debug] 7470#0: run cleanup: 0000000000CE9AF8
2018/03/06 18:07:06 [debug] 7470#0: cleanup resolver
2018/03/06 18:07:06 [debug] 7470#0: free: 0000000000CF18D0
2018/03/06 18:07:06 [debug] 7470#0: free: 0000000000CEB760
2018/03/06 18:07:06 [debug] 7470#0: free: 0000000000CE6740
2018/03/06 18:07:06 [debug] 7470#0: free: 0000000000CE5300
2018/03/06 18:07:06 [debug] 7470#0: free: 0000000000CDF2D0
2018/03/06 18:07:06 [debug] 7470#0: free: 0000000000CDE210
2018/03/06 18:07:06 [debug] 7470#0: free: 0000000000CDD150
2018/03/06 18:07:06 [debug] 7470#0: free: 0000000000CDC090
2018/03/06 18:07:06 [debug] 7470#0: free: 0000000000CCBE10, unused: 0
2018/03/06 18:07:06 [debug] 7470#0: free: 0000000000CD4E40, unused: 0
2018/03/06 18:07:06 [debug] 7470#0: free: 0000000000CE02E0, unused: 1
2018/03/06 18:07:06 [debug] 7470#0: free: 0000000000CE7750, unused: 0
2018/03/06 18:07:06 [debug] 7470#0: free: 0000000000CED8C0, unused: 10840
2018/03/06 18:07:06 [notice] 7470#0: exit
2018/03/06 18:07:06 [notice] 7469#0: signal 17 (SIGCHLD) received from 7470
2018/03/06 18:07:06 [notice] 7469#0: worker process 7470 exited with code 0
2018/03/06 18:07:06 [debug] 7469#0: shmtx forced unlock
2018/03/06 18:07:06 [debug] 7469#0: wake up, sigio 3
2018/03/06 18:07:06 [debug] 7469#0: reap children
2018/03/06 18:07:06 [debug] 7469#0: child: 0 7470 e:1 t:1 d:0 r:1 j:0
2018/03/06 18:07:06 [notice] 7469#0: exit
2018/03/06 18:07:06 [debug] 7469#0: close listening 0.0.0.0:8099 #7 
2018/03/06 18:07:06 [debug] 7469#0: run cleanup: 0000000000CE9AF8
2018/03/06 18:07:06 [debug] 7469#0: cleanup resolver
2018/03/06 18:07:06 [debug] 7469#0: free: 0000000000CF18D0
2018/03/06 18:07:06 [debug] 7469#0: free: 0000000000CEB760
2018/03/06 18:07:06 [debug] 7469#0: free: 0000000000CE6740
2018/03/06 18:07:06 [debug] 7469#0: free: 0000000000CE5300
2018/03/06 18:07:06 [debug] 7469#0: free: 0000000000CDF2D0
2018/03/06 18:07:06 [debug] 7469#0: free: 0000000000CDE210
2018/03/06 18:07:06 [debug] 7469#0: free: 0000000000CDD150
2018/03/06 18:07:06 [debug] 7469#0: free: 0000000000CDC090
2018/03/06 18:07:06 [debug] 7469#0: free: 0000000000CCBE10, unused: 0
2018/03/06 18:07:06 [debug] 7469#0: free: 0000000000CD4E40, unused: 0
2018/03/06 18:07:06 [debug] 7469#0: free: 0000000000CE02E0, unused: 1
2018/03/06 18:07:06 [debug] 7469#0: free: 0000000000CE7750, unused: 0
2018/03/06 18:07:06 [debug] 7469#0: free: 0000000000CED8C0, unused: 10864
2018/03/06 18:07:37 [debug] 12887#0: bind() 0.0.0.0:8099 #7 
2018/03/06 18:07:37 [notice] 12887#0: using the "epoll" event method
2018/03/06 18:07:37 [debug] 12887#0: counter: 00007F635EAC3080, 1
2018/03/06 18:07:37 [notice] 12887#0: nginx/1.13.9
2018/03/06 18:07:37 [notice] 12887#0: built by gcc 4.8.2 20140120 (Red Hat 4.8.2-15) (GCC) 
2018/03/06 18:07:37 [notice] 12887#0: OS: Linux 2.6.32-431.el6.x86_64
2018/03/06 18:07:37 [notice] 12887#0: getrlimit(RLIMIT_NOFILE): 1000000:1000000
2018/03/06 18:07:37 [debug] 12889#0: write: 8, 00007FFF7794AA40, 6, 0
2018/03/06 18:07:37 [debug] 12889#0: setproctitle: "nginx: master process ./objs/nginx"
2018/03/06 18:07:37 [notice] 12889#0: start worker processes
2018/03/06 18:07:37 [debug] 12889#0: channel 3:8
2018/03/06 18:07:37 [notice] 12889#0: start worker process 12891
2018/03/06 18:07:37 [debug] 12889#0: sigsuspend
2018/03/06 18:07:37 [debug] 12891#0: add cleanup: 000000000238EE50
2018/03/06 18:07:37 [debug] 12891#0: malloc: 0000000002369180:8
2018/03/06 18:07:37 [debug] 12891#0: notify eventfd: 10
2018/03/06 18:07:37 [debug] 12891#0: testing the EPOLLRDHUP flag: success
2018/03/06 18:07:37 [debug] 12891#0: malloc: 0000000002378E50:6144
2018/03/06 18:07:37 [debug] 12891#0: malloc: 00007F635EA73010:229376
2018/03/06 18:07:37 [debug] 12891#0: malloc: 00000000023929E0:98304
2018/03/06 18:07:37 [debug] 12891#0: malloc: 00000000023AA9F0:98304
2018/03/06 18:07:37 [debug] 12891#0: epoll add event: fd:7 op:1 ev:00002001
2018/03/06 18:07:37 [debug] 12891#0: epoll add event: fd:8 op:1 ev:00002001
2018/03/06 18:07:37 [debug] 12891#0: setproctitle: "nginx: worker process"
2018/03/06 18:07:37 [debug] 12891#0: worker cycle
2018/03/06 18:07:37 [debug] 12891#0: epoll timer: -1
2018/03/06 18:09:14 [notice] 12891#0: signal 15 (SIGTERM) received from 5038, exiting
2018/03/06 18:09:14 [info] 12891#0: epoll_wait() failed (4: Interrupted system call)
2018/03/06 18:09:14 [debug] 12891#0: timer delta: 97347
2018/03/06 18:09:14 [notice] 12891#0: exiting
2018/03/06 18:09:14 [debug] 12891#0: flush files
2018/03/06 18:09:14 [debug] 12891#0: run cleanup: 000000000238EE50
2018/03/06 18:09:14 [debug] 12891#0: run cleanup: 0000000002389AF8
2018/03/06 18:09:14 [debug] 12891#0: cleanup resolver
2018/03/06 18:09:14 [debug] 12891#0: free: 00000000023918D0
2018/03/06 18:09:14 [debug] 12891#0: free: 000000000238B760
2018/03/06 18:09:14 [debug] 12891#0: free: 0000000002386740
2018/03/06 18:09:14 [debug] 12891#0: free: 0000000002385300
2018/03/06 18:09:14 [debug] 12891#0: free: 000000000237F2D0
2018/03/06 18:09:14 [debug] 12891#0: free: 000000000237E210
2018/03/06 18:09:14 [debug] 12891#0: free: 000000000237D150
2018/03/06 18:09:14 [debug] 12891#0: free: 000000000237C090
2018/03/06 18:09:14 [debug] 12891#0: free: 000000000236BE10, unused: 0
2018/03/06 18:09:14 [debug] 12891#0: free: 0000000002374E40, unused: 0
2018/03/06 18:09:14 [debug] 12891#0: free: 00000000023802E0, unused: 1
2018/03/06 18:09:14 [debug] 12891#0: free: 0000000002387750, unused: 0
2018/03/06 18:09:14 [debug] 12891#0: free: 000000000238D8C0, unused: 10840
2018/03/06 18:09:14 [notice] 12891#0: exit
2018/03/06 18:09:14 [notice] 12889#0: signal 17 (SIGCHLD) received from 12891
2018/03/06 18:09:14 [notice] 12889#0: worker process 12891 exited with code 0
2018/03/06 18:09:14 [debug] 12889#0: shmtx forced unlock
2018/03/06 18:09:14 [debug] 12889#0: wake up, sigio 0
2018/03/06 18:09:14 [debug] 12889#0: reap children
2018/03/06 18:09:14 [debug] 12889#0: child: 0 12891 e:0 t:1 d:0 r:1 j:0
2018/03/06 18:09:14 [debug] 12889#0: channel 3:8
2018/03/06 18:09:14 [notice] 12889#0: start worker process 18470
2018/03/06 18:09:14 [debug] 12889#0: sigsuspend
2018/03/06 18:09:14 [debug] 18470#0: add cleanup: 000000000238EE50
2018/03/06 18:09:14 [debug] 18470#0: malloc: 0000000002369180:8
2018/03/06 18:09:14 [debug] 18470#0: notify eventfd: 10
2018/03/06 18:09:14 [debug] 18470#0: testing the EPOLLRDHUP flag: success
2018/03/06 18:09:14 [debug] 18470#0: malloc: 0000000002378E50:6144
2018/03/06 18:09:14 [debug] 18470#0: malloc: 00007F635EA73010:229376
2018/03/06 18:09:14 [debug] 18470#0: malloc: 00000000023929E0:98304
2018/03/06 18:09:14 [debug] 18470#0: malloc: 00000000023AA9F0:98304
2018/03/06 18:09:14 [debug] 18470#0: epoll add event: fd:7 op:1 ev:00002001
2018/03/06 18:09:14 [debug] 18470#0: epoll add event: fd:8 op:1 ev:00002001
2018/03/06 18:09:14 [debug] 18470#0: setproctitle: "nginx: worker process"
2018/03/06 18:09:14 [debug] 18470#0: worker cycle
2018/03/06 18:09:14 [debug] 18470#0: epoll timer: -1
